{"created": 1767944044.2651832, "duration": 4.774921894073486, "exitcode": 0, "root": "C:\\Users\\thema\\Downloads\\ai_powered_chatbot", "environment": {}, "summary": {"passed": 94, "total": 94, "collected": 94}, "collectors": [{"nodeid": "", "outcome": "passed", "result": [{"nodeid": "tests", "type": "Package"}]}, {"nodeid": "tests/test_coverage_reporter.py", "outcome": "passed", "result": [{"nodeid": "tests/test_coverage_reporter.py::test_coverage_keys_exist", "type": "Function", "lineno": 11}, {"nodeid": "tests/test_coverage_reporter.py::test_coverage_file_stats", "type": "Function", "lineno": 24}, {"nodeid": "tests/test_coverage_reporter.py::test_coverage_calculation", "type": "Function", "lineno": 41}, {"nodeid": "tests/test_coverage_reporter.py::test_coverage_values_are_numbers", "type": "Function", "lineno": 53}, {"nodeid": "tests/test_coverage_reporter.py::test_file_level_coverage", "type": "Function", "lineno": 64}, {"nodeid": "tests/test_coverage_reporter.py::test_empty_input_handling", "type": "Function", "lineno": 82}, {"nodeid": "tests/test_coverage_reporter.py::test_write_report", "type": "Function", "lineno": 93}, {"nodeid": "tests/test_coverage_reporter.py::test_parsing_errors_tracked", "type": "Function", "lineno": 122}, {"nodeid": "tests/test_coverage_reporter.py::test_function_count_consistency", "type": "Function", "lineno": 132}]}, {"nodeid": "tests/test_dashboard.py", "outcome": "passed", "result": [{"nodeid": "tests/test_dashboard.py::test_render_feature_cards", "type": "Function", "lineno": 94}, {"nodeid": "tests/test_dashboard.py::test_load_test_results_file_exists", "type": "Function", "lineno": 110}, {"nodeid": "tests/test_dashboard.py::test_load_test_results_file_not_exists", "type": "Function", "lineno": 124}, {"nodeid": "tests/test_dashboard.py::test_run_pytest_tests_success", "type": "Function", "lineno": 131}, {"nodeid": "tests/test_dashboard.py::test_run_pytest_tests_failure", "type": "Function", "lineno": 147}, {"nodeid": "tests/test_dashboard.py::test_run_pytest_tests_exception", "type": "Function", "lineno": 163}, {"nodeid": "tests/test_dashboard.py::test_render_tests_view_no_tests_run", "type": "Function", "lineno": 174}, {"nodeid": "tests/test_dashboard.py::test_render_tests_view_with_results", "type": "Function", "lineno": 208}, {"nodeid": "tests/test_dashboard.py::test_render_filters_view_all_functions", "type": "Function", "lineno": 234}, {"nodeid": "tests/test_dashboard.py::test_render_filters_view_ok_filter", "type": "Function", "lineno": 254}, {"nodeid": "tests/test_dashboard.py::test_render_filters_view_fix_filter", "type": "Function", "lineno": 284}, {"nodeid": "tests/test_dashboard.py::test_render_search_view_no_query", "type": "Function", "lineno": 314}, {"nodeid": "tests/test_dashboard.py::test_render_search_view_with_query", "type": "Function", "lineno": 332}, {"nodeid": "tests/test_dashboard.py::test_render_export_view", "type": "Function", "lineno": 361}, {"nodeid": "tests/test_dashboard.py::test_render_export_view_csv_data", "type": "Function", "lineno": 381}, {"nodeid": "tests/test_dashboard.py::test_render_help_view", "type": "Function", "lineno": 415}, {"nodeid": "tests/test_dashboard.py::test_function_collection_logic", "type": "Function", "lineno": 431}, {"nodeid": "tests/test_dashboard.py::test_search_filter_logic", "type": "Function", "lineno": 457}, {"nodeid": "tests/test_dashboard.py::test_status_filter_logic", "type": "Function", "lineno": 475}, {"nodeid": "tests/test_dashboard.py::test_test_results_grouping", "type": "Function", "lineno": 498}]}, {"nodeid": "tests/test_generator.py", "outcome": "passed", "result": [{"nodeid": "tests/test_generator.py::test_generate_google_docstring_with_groq", "type": "Function", "lineno": 13}, {"nodeid": "tests/test_generator.py::test_generate_google_docstring_fallback", "type": "Function", "lineno": 32}, {"nodeid": "tests/test_generator.py::test_generate_numpy_docstring", "type": "Function", "lineno": 49}, {"nodeid": "tests/test_generator.py::test_generate_rest_docstring", "type": "Function", "lineno": 66}, {"nodeid": "tests/test_generator.py::test_generate_all_styles", "type": "Function", "lineno": 83}, {"nodeid": "tests/test_generator.py::test_docstring_excludes_self_parameter", "type": "Function", "lineno": 104}, {"nodeid": "tests/test_generator.py::test_docstring_excludes_cls_parameter", "type": "Function", "lineno": 124}, {"nodeid": "tests/test_generator.py::test_docstring_with_raises_section", "type": "Function", "lineno": 144}, {"nodeid": "tests/test_generator.py::test_docstring_without_raises_section", "type": "Function", "lineno": 160}, {"nodeid": "tests/test_generator.py::test_docstring_function_without_args", "type": "Function", "lineno": 175}, {"nodeid": "tests/test_generator.py::test_docstring_function_without_return", "type": "Function", "lineno": 192}, {"nodeid": "tests/test_generator.py::test_generate_from_parsed_examples", "type": "Function", "lineno": 208}, {"nodeid": "tests/test_generator.py::test_generate_all_styles_from_parsed_examples", "type": "Function", "lineno": 237}, {"nodeid": "tests/test_generator.py::test_fallback_docstring_google_style", "type": "Function", "lineno": 280}, {"nodeid": "tests/test_generator.py::test_fallback_docstring_numpy_style", "type": "Function", "lineno": 298}, {"nodeid": "tests/test_generator.py::test_fallback_docstring_rest_style", "type": "Function", "lineno": 316}, {"nodeid": "tests/test_generator.py::test_groq_api_key_detection", "type": "Function", "lineno": 334}, {"nodeid": "tests/test_generator.py::test_multiple_arguments_formatting", "type": "Function", "lineno": 351}]}, {"nodeid": "tests/test_parser.py", "outcome": "passed", "result": [{"nodeid": "tests/test_parser.py::test_parse_path_returns_list", "type": "Function", "lineno": 24}, {"nodeid": "tests/test_parser.py::test_parse_path_finds_files", "type": "Function", "lineno": 30}, {"nodeid": "tests/test_parser.py::test_parse_examples_directory", "type": "Function", "lineno": 37}, {"nodeid": "tests/test_parser.py::test_function_metadata_structure", "type": "Function", "lineno": 59}, {"nodeid": "tests/test_parser.py::test_class_metadata_structure", "type": "Function", "lineno": 100}, {"nodeid": "tests/test_parser.py::test_argument_parsing", "type": "Function", "lineno": 133}, {"nodeid": "tests/test_parser.py::test_docstring_extraction", "type": "Function", "lineno": 160}, {"nodeid": "tests/test_parser.py::test_complexity_calculation", "type": "Function", "lineno": 185}, {"nodeid": "tests/test_parser.py::test_nesting_depth_calculation", "type": "Function", "lineno": 196}, {"nodeid": "tests/test_parser.py::test_raises_extraction", "type": "Function", "lineno": 207}, {"nodeid": "tests/test_parser.py::test_parsing_errors_field", "type": "Function", "lineno": 222}, {"nodeid": "tests/test_parser.py::test_imports_extraction", "type": "Function", "lineno": 231}, {"nodeid": "tests/test_parser.py::test_line_numbers_are_valid", "type": "Function", "lineno": 246}, {"nodeid": "tests/test_parser.py::test_parse_file_single_file", "type": "Function", "lineno": 256}, {"nodeid": "tests/test_parser.py::test_recursive_parsing", "type": "Function", "lineno": 275}, {"nodeid": "tests/test_parser.py::test_non_recursive_parsing", "type": "Function", "lineno": 282}, {"nodeid": "tests/test_parser.py::test_get_annotation_str", "type": "Function", "lineno": 289}, {"nodeid": "tests/test_parser.py::test_has_docstring_helper", "type": "Function", "lineno": 308}, {"nodeid": "tests/test_parser.py::test_simple_complexity_helper", "type": "Function", "lineno": 330}, {"nodeid": "tests/test_parser.py::test_max_nesting_depth_helper", "type": "Function", "lineno": 355}, {"nodeid": "tests/test_parser.py::test_extract_raises_helper", "type": "Function", "lineno": 382}, {"nodeid": "tests/test_parser.py::test_get_docstring_with_triple_quotes", "type": "Function", "lineno": 407}, {"nodeid": "tests/test_parser.py::test_total_functions_count", "type": "Function", "lineno": 424}, {"nodeid": "tests/test_parser.py::test_total_classes_count", "type": "Function", "lineno": 433}, {"nodeid": "tests/test_parser.py::test_file_paths_are_valid", "type": "Function", "lineno": 442}]}, {"nodeid": "tests/test_validator.py", "outcome": "passed", "result": [{"nodeid": "tests/test_validator.py::test_validator_initialization", "type": "Function", "lineno": 8}, {"nodeid": "tests/test_validator.py::test_validate_file_returns_list", "type": "Function", "lineno": 16}, {"nodeid": "tests/test_validator.py::test_validate_file_structure", "type": "Function", "lineno": 28}, {"nodeid": "tests/test_validator.py::test_validate_project_returns_dict", "type": "Function", "lineno": 51}, {"nodeid": "tests/test_validator.py::test_validate_project_metrics_types", "type": "Function", "lineno": 69}, {"nodeid": "tests/test_validator.py::test_validate_project_compliance_percentage", "type": "Function", "lineno": 83}, {"nodeid": "tests/test_validator.py::test_validator_detects_missing_docstrings", "type": "Function", "lineno": 91}, {"nodeid": "tests/test_validator.py::test_validator_checks_docstring_format", "type": "Function", "lineno": 110}, {"nodeid": "tests/test_validator.py::test_validator_skips_private_functions", "type": "Function", "lineno": 129}, {"nodeid": "tests/test_validator.py::test_validator_checks_triple_quotes", "type": "Function", "lineno": 162}, {"nodeid": "tests/test_validator.py::test_validator_checks_period_ending", "type": "Function", "lineno": 185}, {"nodeid": "tests/test_validator.py::test_validator_with_proper_docstring", "type": "Function", "lineno": 208}, {"nodeid": "tests/test_validator.py::test_validate_project_empty_input", "type": "Function", "lineno": 230}, {"nodeid": "tests/test_validator.py::test_validate_project_counts_correctly", "type": "Function", "lineno": 239}, {"nodeid": "tests/test_validator.py::test_validator_checks_classes", "type": "Function", "lineno": 254}, {"nodeid": "tests/test_validator.py::test_validator_checks_methods", "type": "Function", "lineno": 278}, {"nodeid": "tests/test_validator.py::test_validator_multiline_docstring_format", "type": "Function", "lineno": 310}, {"nodeid": "tests/test_validator.py::test_validator_blank_line_after_summary", "type": "Function", "lineno": 333}, {"nodeid": "tests/test_validator.py::test_validate_examples_directory", "type": "Function", "lineno": 356}, {"nodeid": "tests/test_validator.py::test_validator_line_numbers", "type": "Function", "lineno": 378}, {"nodeid": "tests/test_validator.py::test_validator_file_paths", "type": "Function", "lineno": 389}, {"nodeid": "tests/test_validator.py::test_pep257_validator_class_attributes", "type": "Function", "lineno": 401}]}, {"nodeid": "tests", "outcome": "passed", "result": [{"nodeid": "tests/test_coverage_reporter.py", "type": "Module"}, {"nodeid": "tests/test_dashboard.py", "type": "Module"}, {"nodeid": "tests/test_generator.py", "type": "Module"}, {"nodeid": "tests/test_parser.py", "type": "Module"}, {"nodeid": "tests/test_validator.py", "type": "Module"}]}], "tests": [{"nodeid": "tests/test_coverage_reporter.py::test_coverage_keys_exist", "lineno": 11, "outcome": "passed", "keywords": ["test_coverage_keys_exist", "test_coverage_reporter.py", "tests", "ai_powered_chatbot", ""], "setup": {"duration": 0.0019127000123262405, "outcome": "passed"}, "call": {"duration": 0.0041683000163175166, "outcome": "passed"}, "teardown": {"duration": 0.0002888999879360199, "outcome": "passed"}}, {"nodeid": "tests/test_coverage_reporter.py::test_coverage_file_stats", "lineno": 24, "outcome": "passed", "keywords": ["test_coverage_file_stats", "test_coverage_reporter.py", "tests", "ai_powered_chatbot", ""], "setup": {"duration": 0.00019869999960064888, "outcome": "passed"}, "call": {"duration": 0.0032688999781385064, "outcome": "passed"}, "teardown": {"duration": 0.0003331999760121107, "outcome": "passed"}}, {"nodeid": "tests/test_coverage_reporter.py::test_coverage_calculation", "lineno": 41, "outcome": "passed", "keywords": ["test_coverage_calculation", "test_coverage_reporter.py", "tests", "ai_powered_chatbot", ""], "setup": {"duration": 0.000291000003926456, "outcome": "passed"}, "call": {"duration": 0.002319200022611767, "outcome": "passed"}, "teardown": {"duration": 0.0002726000384427607, "outcome": "passed"}}, {"nodeid": "tests/test_coverage_reporter.py::test_coverage_values_are_numbers", "lineno": 53, "outcome": "passed", "keywords": ["test_coverage_values_are_numbers", "test_coverage_reporter.py", "tests", "ai_powered_chatbot", ""], "setup": {"duration": 0.00023980002151802182, "outcome": "passed"}, "call": {"duration": 0.001937400025781244, "outcome": "passed"}, "teardown": {"duration": 0.00023929995950311422, "outcome": "passed"}}, {"nodeid": "tests/test_coverage_reporter.py::test_file_level_coverage", "lineno": 64, "outcome": "passed", "keywords": ["test_file_level_coverage", "test_coverage_reporter.py", "tests", "ai_powered_chatbot", ""], "setup": {"duration": 0.00021430000197142363, "outcome": "passed"}, "call": {"duration": 0.0029456999618560076, "outcome": "passed"}, "teardown": {"duration": 0.00029609998455271125, "outcome": "passed"}}, {"nodeid": "tests/test_coverage_reporter.py::test_empty_input_handling", "lineno": 82, "outcome": "passed", "keywords": ["test_empty_input_handling", "test_coverage_reporter.py", "tests", "ai_powered_chatbot", ""], "setup": {"duration": 0.0002004000125452876, "outcome": "passed"}, "call": {"duration": 0.00020950002362951636, "outcome": "passed"}, "teardown": {"duration": 0.00020250002853572369, "outcome": "passed"}}, {"nodeid": "tests/test_coverage_reporter.py::test_write_report", "lineno": 93, "outcome": "passed", "keywords": ["test_write_report", "test_coverage_reporter.py", "tests", "ai_powered_chatbot", ""], "setup": {"duration": 0.0002133999951183796, "outcome": "passed"}, "call": {"duration": 0.025674299977254122, "outcome": "passed"}, "teardown": {"duration": 0.0002615000121295452, "outcome": "passed"}}, {"nodeid": "tests/test_coverage_reporter.py::test_parsing_errors_tracked", "lineno": 122, "outcome": "passed", "keywords": ["test_parsing_errors_tracked", "test_coverage_reporter.py", "tests", "ai_powered_chatbot", ""], "setup": {"duration": 0.00022039999021217227, "outcome": "passed"}, "call": {"duration": 0.0025984999956563115, "outcome": "passed"}, "teardown": {"duration": 0.0004485000390559435, "outcome": "passed"}}, {"nodeid": "tests/test_coverage_reporter.py::test_function_count_consistency", "lineno": 132, "outcome": "passed", "keywords": ["test_function_count_consistency", "test_coverage_reporter.py", "tests", "ai_powered_chatbot", ""], "setup": {"duration": 0.0004931000294163823, "outcome": "passed"}, "call": {"duration": 0.0018485999898985028, "outcome": "passed"}, "teardown": {"duration": 0.0004713000380434096, "outcome": "passed"}}, {"nodeid": "tests/test_dashboard.py::test_render_feature_cards", "lineno": 94, "outcome": "passed", "keywords": ["test_render_feature_cards", "test_dashboard.py", "tests", "ai_powered_chatbot", ""], "setup": {"duration": 0.003088099998421967, "outcome": "passed", "stderr": "2026-01-09 13:04:01.481 WARNING streamlit.runtime.scriptrunner_utils.script_run_context: Thread 'MainThread': missing ScriptRunContext! This warning can be ignored when running in bare mode.\n2026-01-09 13:04:01.482 WARNING streamlit.runtime.state.session_state_proxy: Session state does not function when running a script without `streamlit run`\n2026-01-09 13:04:01.482 WARNING streamlit.runtime.scriptrunner_utils.script_run_context: Thread 'MainThread': missing ScriptRunContext! This warning can be ignored when running in bare mode.\n2026-01-09 13:04:01.482 WARNING streamlit.runtime.scriptrunner_utils.script_run_context: Thread 'MainThread': missing ScriptRunContext! This warning can be ignored when running in bare mode.\n2026-01-09 13:04:01.483 WARNING streamlit.runtime.scriptrunner_utils.script_run_context: Thread 'MainThread': missing ScriptRunContext! This warning can be ignored when running in bare mode.\n2026-01-09 13:04:01.483 WARNING streamlit.runtime.scriptrunner_utils.script_run_context: Thread 'MainThread': missing ScriptRunContext! This warning can be ignored when running in bare mode.\n2026-01-09 13:04:01.483 WARNING streamlit.runtime.scriptrunner_utils.script_run_context: Thread 'MainThread': missing ScriptRunContext! This warning can be ignored when running in bare mode.\n2026-01-09 13:04:01.483 WARNING streamlit.runtime.scriptrunner_utils.script_run_context: Thread 'MainThread': missing ScriptRunContext! This warning can be ignored when running in bare mode.\n2026-01-09 13:04:01.483 WARNING streamlit.runtime.scriptrunner_utils.script_run_context: Thread 'MainThread': missing ScriptRunContext! This warning can be ignored when running in bare mode.\n2026-01-09 13:04:01.483 WARNING streamlit.runtime.scriptrunner_utils.script_run_context: Thread 'MainThread': missing ScriptRunContext! This warning can be ignored when running in bare mode.\n2026-01-09 13:04:01.483 WARNING streamlit.runtime.scriptrunner_utils.script_run_context: Thread 'MainThread': missing ScriptRunContext! This warning can be ignored when running in bare mode.\n2026-01-09 13:04:01.483 WARNING streamlit.runtime.scriptrunner_utils.script_run_context: Thread 'MainThread': missing ScriptRunContext! This warning can be ignored when running in bare mode.\n2026-01-09 13:04:01.483 WARNING streamlit.runtime.scriptrunner_utils.script_run_context: Thread 'MainThread': missing ScriptRunContext! This warning can be ignored when running in bare mode.\n2026-01-09 13:04:01.483 WARNING streamlit.runtime.scriptrunner_utils.script_run_context: Thread 'MainThread': missing ScriptRunContext! This warning can be ignored when running in bare mode.\n2026-01-09 13:04:01.483 WARNING streamlit.runtime.scriptrunner_utils.script_run_context: Thread 'MainThread': missing ScriptRunContext! This warning can be ignored when running in bare mode.\n"}, "call": {"duration": 0.004451800021342933, "outcome": "passed", "stderr": "2026-01-09 13:04:01.486 WARNING streamlit.runtime.scriptrunner_utils.script_run_context: Thread 'MainThread': missing ScriptRunContext! This warning can be ignored when running in bare mode.\n"}, "teardown": {"duration": 0.0003195000463165343, "outcome": "passed"}}, {"nodeid": "tests/test_dashboard.py::test_load_test_results_file_exists", "lineno": 110, "outcome": "passed", "keywords": ["test_load_test_results_file_exists", "test_dashboard.py", "tests", "ai_powered_chatbot", ""], "setup": {"duration": 0.00036419997923076153, "outcome": "passed"}, "call": {"duration": 0.0050768000073730946, "outcome": "passed"}, "teardown": {"duration": 0.00028630002634599805, "outcome": "passed"}}, {"nodeid": "tests/test_dashboard.py::test_load_test_results_file_not_exists", "lineno": 124, "outcome": "passed", "keywords": ["test_load_test_results_file_not_exists", "test_dashboard.py", "tests", "ai_powered_chatbot", ""], "setup": {"duration": 0.0002714999718591571, "outcome": "passed"}, "call": {"duration": 0.0006024000467732549, "outcome": "passed"}, "teardown": {"duration": 0.00041069998405873775, "outcome": "passed"}}, {"nodeid": "tests/test_dashboard.py::test_run_pytest_tests_success", "lineno": 131, "outcome": "passed", "keywords": ["test_run_pytest_tests_success", "test_dashboard.py", "tests", "ai_powered_chatbot", ""], "setup": {"duration": 0.0004228000179864466, "outcome": "passed"}, "call": {"duration": 0.0016135000041685998, "outcome": "passed"}, "teardown": {"duration": 0.00035550002939999104, "outcome": "passed"}}, {"nodeid": "tests/test_dashboard.py::test_run_pytest_tests_failure", "lineno": 147, "outcome": "passed", "keywords": ["test_run_pytest_tests_failure", "test_dashboard.py", "tests", "ai_powered_chatbot", ""], "setup": {"duration": 0.0003866999759338796, "outcome": "passed"}, "call": {"duration": 0.0014013999607414007, "outcome": "passed"}, "teardown": {"duration": 0.00031539995688945055, "outcome": "passed"}}, {"nodeid": "tests/test_dashboard.py::test_run_pytest_tests_exception", "lineno": 163, "outcome": "passed", "keywords": ["test_run_pytest_tests_exception", "test_dashboard.py", "tests", "ai_powered_chatbot", ""], "setup": {"duration": 0.0004658999969251454, "outcome": "passed"}, "call": {"duration": 0.0010506000253371894, "outcome": "passed"}, "teardown": {"duration": 0.00039930001366883516, "outcome": "passed"}}, {"nodeid": "tests/test_dashboard.py::test_render_tests_view_no_tests_run", "lineno": 174, "outcome": "passed", "keywords": ["test_render_tests_view_no_tests_run", "test_dashboard.py", "tests", "ai_powered_chatbot", ""], "setup": {"duration": 0.00227719999384135, "outcome": "passed", "stderr": "2026-01-09 13:04:01.507 WARNING streamlit.runtime.scriptrunner_utils.script_run_context: Thread 'MainThread': missing ScriptRunContext! This warning can be ignored when running in bare mode.\n2026-01-09 13:04:01.507 WARNING streamlit.runtime.scriptrunner_utils.script_run_context: Thread 'MainThread': missing ScriptRunContext! This warning can be ignored when running in bare mode.\n2026-01-09 13:04:01.507 WARNING streamlit.runtime.scriptrunner_utils.script_run_context: Thread 'MainThread': missing ScriptRunContext! This warning can be ignored when running in bare mode.\n2026-01-09 13:04:01.507 WARNING streamlit.runtime.scriptrunner_utils.script_run_context: Thread 'MainThread': missing ScriptRunContext! This warning can be ignored when running in bare mode.\n2026-01-09 13:04:01.507 WARNING streamlit.runtime.scriptrunner_utils.script_run_context: Thread 'MainThread': missing ScriptRunContext! This warning can be ignored when running in bare mode.\n2026-01-09 13:04:01.507 WARNING streamlit.runtime.scriptrunner_utils.script_run_context: Thread 'MainThread': missing ScriptRunContext! This warning can be ignored when running in bare mode.\n2026-01-09 13:04:01.507 WARNING streamlit.runtime.scriptrunner_utils.script_run_context: Thread 'MainThread': missing ScriptRunContext! This warning can be ignored when running in bare mode.\n2026-01-09 13:04:01.508 WARNING streamlit.runtime.scriptrunner_utils.script_run_context: Thread 'MainThread': missing ScriptRunContext! This warning can be ignored when running in bare mode.\n2026-01-09 13:04:01.508 WARNING streamlit.runtime.scriptrunner_utils.script_run_context: Thread 'MainThread': missing ScriptRunContext! This warning can be ignored when running in bare mode.\n2026-01-09 13:04:01.508 WARNING streamlit.runtime.scriptrunner_utils.script_run_context: Thread 'MainThread': missing ScriptRunContext! This warning can be ignored when running in bare mode.\n2026-01-09 13:04:01.508 WARNING streamlit.runtime.scriptrunner_utils.script_run_context: Thread 'MainThread': missing ScriptRunContext! This warning can be ignored when running in bare mode.\n2026-01-09 13:04:01.508 WARNING streamlit.runtime.scriptrunner_utils.script_run_context: Thread 'MainThread': missing ScriptRunContext! This warning can be ignored when running in bare mode.\n2026-01-09 13:04:01.508 WARNING streamlit.runtime.scriptrunner_utils.script_run_context: Thread 'MainThread': missing ScriptRunContext! This warning can be ignored when running in bare mode.\n2026-01-09 13:04:01.508 WARNING streamlit.runtime.scriptrunner_utils.script_run_context: Thread 'MainThread': missing ScriptRunContext! This warning can be ignored when running in bare mode.\n"}, "call": {"duration": 0.004974899988155812, "outcome": "passed", "stderr": "2026-01-09 13:04:01.509 WARNING streamlit.runtime.scriptrunner_utils.script_run_context: Thread 'MainThread': missing ScriptRunContext! This warning can be ignored when running in bare mode.\n2026-01-09 13:04:01.509 WARNING streamlit.runtime.scriptrunner_utils.script_run_context: Thread 'MainThread': missing ScriptRunContext! This warning can be ignored when running in bare mode.\n2026-01-09 13:04:01.513 WARNING streamlit.runtime.scriptrunner_utils.script_run_context: Thread 'MainThread': missing ScriptRunContext! This warning can be ignored when running in bare mode.\n2026-01-09 13:04:01.513 WARNING streamlit.runtime.scriptrunner_utils.script_run_context: Thread 'MainThread': missing ScriptRunContext! This warning can be ignored when running in bare mode.\n2026-01-09 13:04:01.513 WARNING streamlit.runtime.scriptrunner_utils.script_run_context: Thread 'MainThread': missing ScriptRunContext! This warning can be ignored when running in bare mode.\n"}, "teardown": {"duration": 0.00029229995561763644, "outcome": "passed"}}, {"nodeid": "tests/test_dashboard.py::test_render_tests_view_with_results", "lineno": 208, "outcome": "passed", "keywords": ["test_render_tests_view_with_results", "test_dashboard.py", "tests", "ai_powered_chatbot", ""], "setup": {"duration": 0.002504599979147315, "outcome": "passed", "stderr": "2026-01-09 13:04:01.515 WARNING streamlit.runtime.scriptrunner_utils.script_run_context: Thread 'MainThread': missing ScriptRunContext! This warning can be ignored when running in bare mode.\n2026-01-09 13:04:01.516 WARNING streamlit.runtime.scriptrunner_utils.script_run_context: Thread 'MainThread': missing ScriptRunContext! This warning can be ignored when running in bare mode.\n2026-01-09 13:04:01.516 WARNING streamlit.runtime.scriptrunner_utils.script_run_context: Thread 'MainThread': missing ScriptRunContext! This warning can be ignored when running in bare mode.\n2026-01-09 13:04:01.516 WARNING streamlit.runtime.scriptrunner_utils.script_run_context: Thread 'MainThread': missing ScriptRunContext! This warning can be ignored when running in bare mode.\n2026-01-09 13:04:01.516 WARNING streamlit.runtime.scriptrunner_utils.script_run_context: Thread 'MainThread': missing ScriptRunContext! This warning can be ignored when running in bare mode.\n2026-01-09 13:04:01.516 WARNING streamlit.runtime.scriptrunner_utils.script_run_context: Thread 'MainThread': missing ScriptRunContext! This warning can be ignored when running in bare mode.\n2026-01-09 13:04:01.516 WARNING streamlit.runtime.scriptrunner_utils.script_run_context: Thread 'MainThread': missing ScriptRunContext! This warning can be ignored when running in bare mode.\n2026-01-09 13:04:01.516 WARNING streamlit.runtime.scriptrunner_utils.script_run_context: Thread 'MainThread': missing ScriptRunContext! This warning can be ignored when running in bare mode.\n2026-01-09 13:04:01.516 WARNING streamlit.runtime.scriptrunner_utils.script_run_context: Thread 'MainThread': missing ScriptRunContext! This warning can be ignored when running in bare mode.\n2026-01-09 13:04:01.516 WARNING streamlit.runtime.scriptrunner_utils.script_run_context: Thread 'MainThread': missing ScriptRunContext! This warning can be ignored when running in bare mode.\n2026-01-09 13:04:01.517 WARNING streamlit.runtime.scriptrunner_utils.script_run_context: Thread 'MainThread': missing ScriptRunContext! This warning can be ignored when running in bare mode.\n2026-01-09 13:04:01.517 WARNING streamlit.runtime.scriptrunner_utils.script_run_context: Thread 'MainThread': missing ScriptRunContext! This warning can be ignored when running in bare mode.\n2026-01-09 13:04:01.517 WARNING streamlit.runtime.scriptrunner_utils.script_run_context: Thread 'MainThread': missing ScriptRunContext! This warning can be ignored when running in bare mode.\n2026-01-09 13:04:01.517 WARNING streamlit.runtime.scriptrunner_utils.script_run_context: Thread 'MainThread': missing ScriptRunContext! This warning can be ignored when running in bare mode.\n"}, "call": {"duration": 0.3526737000211142, "outcome": "passed", "stderr": "2026-01-09 13:04:01.518 WARNING streamlit.runtime.scriptrunner_utils.script_run_context: Thread 'MainThread': missing ScriptRunContext! This warning can be ignored when running in bare mode.\n2026-01-09 13:04:01.518 WARNING streamlit.runtime.scriptrunner_utils.script_run_context: Thread 'MainThread': missing ScriptRunContext! This warning can be ignored when running in bare mode.\n2026-01-09 13:04:01.527 WARNING streamlit.runtime.scriptrunner_utils.script_run_context: Thread 'MainThread': missing ScriptRunContext! This warning can be ignored when running in bare mode.\n2026-01-09 13:04:01.527 WARNING streamlit.runtime.scriptrunner_utils.script_run_context: Thread 'MainThread': missing ScriptRunContext! This warning can be ignored when running in bare mode.\n2026-01-09 13:04:01.528 WARNING streamlit.runtime.scriptrunner_utils.script_run_context: Thread 'MainThread': missing ScriptRunContext! This warning can be ignored when running in bare mode.\n2026-01-09 13:04:01.528 WARNING streamlit.runtime.scriptrunner_utils.script_run_context: Thread 'MainThread': missing ScriptRunContext! This warning can be ignored when running in bare mode.\n2026-01-09 13:04:01.528 WARNING streamlit.runtime.scriptrunner_utils.script_run_context: Thread 'MainThread': missing ScriptRunContext! This warning can be ignored when running in bare mode.\n2026-01-09 13:04:01.640 Please replace `use_container_width` with `width`.\n\n`use_container_width` will be removed after 2025-12-31.\n\nFor `use_container_width=True`, use `width='stretch'`. For `use_container_width=False`, use `width='content'`.\n2026-01-09 13:04:01.643 Thread 'MainThread': missing ScriptRunContext! This warning can be ignored when running in bare mode.\n2026-01-09 13:04:01.643 Thread 'MainThread': missing ScriptRunContext! This warning can be ignored when running in bare mode.\n2026-01-09 13:04:01.643 Thread 'MainThread': missing ScriptRunContext! This warning can be ignored when running in bare mode.\n2026-01-09 13:04:01.870 \n  \u001b[33m\u001b[1mWarning:\u001b[0m to view this Streamlit app on a browser, run it with the following\n  command:\n\n    streamlit run C:\\Users\\thema\\Downloads\\ai_powered_chatbot\\ai_powered\\Scripts\\pytest [ARGUMENTS]\n2026-01-09 13:04:01.870 Thread 'MainThread': missing ScriptRunContext! This warning can be ignored when running in bare mode.\n2026-01-09 13:04:01.870 Thread 'MainThread': missing ScriptRunContext! This warning can be ignored when running in bare mode.\n", "log": [{"name": "streamlit.config", "msg": "Error parsing config toml. This is most likely due to a syntax error in the config.toml file. Please fix it and try again.", "args": null, "levelname": "ERROR", "levelno": 40, "pathname": "C:\\Users\\thema\\Downloads\\ai_powered_chatbot\\ai_powered\\Lib\\site-packages\\streamlit\\config.py", "filename": "config.py", "module": "config", "exc_info": null, "exc_text": "Traceback (most recent call last):\n  File \"C:\\Users\\thema\\Downloads\\ai_powered_chatbot\\ai_powered\\Lib\\site-packages\\streamlit\\config.py\", line 2449, in _update_config_with_toml\n    parsed_config_file = toml.loads(raw_toml)\n  File \"C:\\Users\\thema\\Downloads\\ai_powered_chatbot\\ai_powered\\Lib\\site-packages\\toml\\decoder.py\", line 260, in loads\n    raise TomlDecodeError(\"Found invalid character in key name: '\" +\n                          item + \"'. Try quoting the key name.\",\n                          original, i)\ntoml.decoder.TomlDecodeError: Found invalid character in key name: '\"'. Try quoting the key name. (line 1 column 2 char 1)", "stack_info": null, "lineno": 2453, "funcName": "_update_config_with_toml", "created": 1767944041.6328886, "msecs": 632.0, "relativeCreated": 4223.7093, "thread": 1932, "threadName": "MainThread", "processName": "MainProcess", "process": 39896, "taskName": null}, {"name": "streamlit.config", "msg": "Error parsing config toml. This is most likely due to a syntax error in the config.toml file. Please fix it and try again.", "args": null, "levelname": "ERROR", "levelno": 40, "pathname": "C:\\Users\\thema\\Downloads\\ai_powered_chatbot\\ai_powered\\Lib\\site-packages\\streamlit\\config.py", "filename": "config.py", "module": "config", "exc_info": null, "exc_text": "Traceback (most recent call last):\n  File \"C:\\Users\\thema\\Downloads\\ai_powered_chatbot\\ai_powered\\Lib\\site-packages\\streamlit\\config.py\", line 2449, in _update_config_with_toml\n    parsed_config_file = toml.loads(raw_toml)\n  File \"C:\\Users\\thema\\Downloads\\ai_powered_chatbot\\ai_powered\\Lib\\site-packages\\toml\\decoder.py\", line 260, in loads\n    raise TomlDecodeError(\"Found invalid character in key name: '\" +\n                          item + \"'. Try quoting the key name.\",\n                          original, i)\ntoml.decoder.TomlDecodeError: Found invalid character in key name: '\"'. Try quoting the key name. (line 1 column 2 char 1)", "stack_info": null, "lineno": 2453, "funcName": "_update_config_with_toml", "created": 1767944041.637989, "msecs": 637.0, "relativeCreated": 4228.8096, "thread": 1932, "threadName": "MainThread", "processName": "MainProcess", "process": 39896, "taskName": null}]}, "teardown": {"duration": 0.0002142000012099743, "outcome": "passed"}}, {"nodeid": "tests/test_dashboard.py::test_render_filters_view_all_functions", "lineno": 234, "outcome": "passed", "keywords": ["test_render_filters_view_all_functions", "test_dashboard.py", "tests", "ai_powered_chatbot", ""], "setup": {"duration": 0.00105339998845011, "outcome": "passed", "stderr": "2026-01-09 13:04:01.871 Thread 'MainThread': missing ScriptRunContext! This warning can be ignored when running in bare mode.\n2026-01-09 13:04:01.871 Thread 'MainThread': missing ScriptRunContext! This warning can be ignored when running in bare mode.\n2026-01-09 13:04:01.871 Thread 'MainThread': missing ScriptRunContext! This warning can be ignored when running in bare mode.\n2026-01-09 13:04:01.871 Thread 'MainThread': missing ScriptRunContext! This warning can be ignored when running in bare mode.\n2026-01-09 13:04:01.871 Thread 'MainThread': missing ScriptRunContext! This warning can be ignored when running in bare mode.\n2026-01-09 13:04:01.871 Thread 'MainThread': missing ScriptRunContext! This warning can be ignored when running in bare mode.\n2026-01-09 13:04:01.871 Thread 'MainThread': missing ScriptRunContext! This warning can be ignored when running in bare mode.\n2026-01-09 13:04:01.871 Thread 'MainThread': missing ScriptRunContext! This warning can be ignored when running in bare mode.\n2026-01-09 13:04:01.871 Thread 'MainThread': missing ScriptRunContext! This warning can be ignored when running in bare mode.\n2026-01-09 13:04:01.871 Thread 'MainThread': missing ScriptRunContext! This warning can be ignored when running in bare mode.\n2026-01-09 13:04:01.872 Thread 'MainThread': missing ScriptRunContext! This warning can be ignored when running in bare mode.\n2026-01-09 13:04:01.872 Thread 'MainThread': missing ScriptRunContext! This warning can be ignored when running in bare mode.\n2026-01-09 13:04:01.872 Thread 'MainThread': missing ScriptRunContext! This warning can be ignored when running in bare mode.\n2026-01-09 13:04:01.872 Thread 'MainThread': missing ScriptRunContext! This warning can be ignored when running in bare mode.\n"}, "call": {"duration": 0.003665599972009659, "outcome": "passed", "stderr": "2026-01-09 13:04:01.872 Thread 'MainThread': missing ScriptRunContext! This warning can be ignored when running in bare mode.\n2026-01-09 13:04:01.872 Thread 'MainThread': missing ScriptRunContext! This warning can be ignored when running in bare mode.\n2026-01-09 13:04:01.872 Thread 'MainThread': missing ScriptRunContext! This warning can be ignored when running in bare mode.\n2026-01-09 13:04:01.872 Thread 'MainThread': missing ScriptRunContext! This warning can be ignored when running in bare mode.\n2026-01-09 13:04:01.873 Thread 'MainThread': missing ScriptRunContext! This warning can be ignored when running in bare mode.\n2026-01-09 13:04:01.873 Thread 'MainThread': missing ScriptRunContext! This warning can be ignored when running in bare mode.\n2026-01-09 13:04:01.873 Thread 'MainThread': missing ScriptRunContext! This warning can be ignored when running in bare mode.\n2026-01-09 13:04:01.874 Thread 'MainThread': missing ScriptRunContext! This warning can be ignored when running in bare mode.\n2026-01-09 13:04:01.874 Thread 'MainThread': missing ScriptRunContext! This warning can be ignored when running in bare mode.\n2026-01-09 13:04:01.874 Thread 'MainThread': missing ScriptRunContext! This warning can be ignored when running in bare mode.\n2026-01-09 13:04:01.874 Thread 'MainThread': missing ScriptRunContext! This warning can be ignored when running in bare mode.\n"}, "teardown": {"duration": 0.00015199999324977398, "outcome": "passed"}}, {"nodeid": "tests/test_dashboard.py::test_render_filters_view_ok_filter", "lineno": 254, "outcome": "passed", "keywords": ["test_render_filters_view_ok_filter", "test_dashboard.py", "tests", "ai_powered_chatbot", ""], "setup": {"duration": 0.001694600039627403, "outcome": "passed", "stderr": "2026-01-09 13:04:01.876 Thread 'MainThread': missing ScriptRunContext! This warning can be ignored when running in bare mode.\n2026-01-09 13:04:01.877 Thread 'MainThread': missing ScriptRunContext! This warning can be ignored when running in bare mode.\n2026-01-09 13:04:01.877 Thread 'MainThread': missing ScriptRunContext! This warning can be ignored when running in bare mode.\n2026-01-09 13:04:01.877 Thread 'MainThread': missing ScriptRunContext! This warning can be ignored when running in bare mode.\n2026-01-09 13:04:01.877 Thread 'MainThread': missing ScriptRunContext! This warning can be ignored when running in bare mode.\n2026-01-09 13:04:01.877 Thread 'MainThread': missing ScriptRunContext! This warning can be ignored when running in bare mode.\n2026-01-09 13:04:01.878 Thread 'MainThread': missing ScriptRunContext! This warning can be ignored when running in bare mode.\n2026-01-09 13:04:01.878 Thread 'MainThread': missing ScriptRunContext! This warning can be ignored when running in bare mode.\n2026-01-09 13:04:01.878 Thread 'MainThread': missing ScriptRunContext! This warning can be ignored when running in bare mode.\n2026-01-09 13:04:01.878 Thread 'MainThread': missing ScriptRunContext! This warning can be ignored when running in bare mode.\n2026-01-09 13:04:01.878 Thread 'MainThread': missing ScriptRunContext! This warning can be ignored when running in bare mode.\n2026-01-09 13:04:01.878 Thread 'MainThread': missing ScriptRunContext! This warning can be ignored when running in bare mode.\n2026-01-09 13:04:01.878 Thread 'MainThread': missing ScriptRunContext! This warning can be ignored when running in bare mode.\n2026-01-09 13:04:01.878 Thread 'MainThread': missing ScriptRunContext! This warning can be ignored when running in bare mode.\n"}, "call": {"duration": 0.004142299992963672, "outcome": "passed", "stderr": "2026-01-09 13:04:01.878 Thread 'MainThread': missing ScriptRunContext! This warning can be ignored when running in bare mode.\n2026-01-09 13:04:01.878 Thread 'MainThread': missing ScriptRunContext! This warning can be ignored when running in bare mode.\n2026-01-09 13:04:01.878 Thread 'MainThread': missing ScriptRunContext! This warning can be ignored when running in bare mode.\n2026-01-09 13:04:01.878 Thread 'MainThread': missing ScriptRunContext! This warning can be ignored when running in bare mode.\n2026-01-09 13:04:01.879 Thread 'MainThread': missing ScriptRunContext! This warning can be ignored when running in bare mode.\n2026-01-09 13:04:01.879 Thread 'MainThread': missing ScriptRunContext! This warning can be ignored when running in bare mode.\n2026-01-09 13:04:01.879 Thread 'MainThread': missing ScriptRunContext! This warning can be ignored when running in bare mode.\n2026-01-09 13:04:01.880 Thread 'MainThread': missing ScriptRunContext! This warning can be ignored when running in bare mode.\n2026-01-09 13:04:01.880 Thread 'MainThread': missing ScriptRunContext! This warning can be ignored when running in bare mode.\n2026-01-09 13:04:01.880 Thread 'MainThread': missing ScriptRunContext! This warning can be ignored when running in bare mode.\n2026-01-09 13:04:01.880 Thread 'MainThread': missing ScriptRunContext! This warning can be ignored when running in bare mode.\n"}, "teardown": {"duration": 0.00016140000661835074, "outcome": "passed"}}, {"nodeid": "tests/test_dashboard.py::test_render_filters_view_fix_filter", "lineno": 284, "outcome": "passed", "keywords": ["test_render_filters_view_fix_filter", "test_dashboard.py", "tests", "ai_powered_chatbot", ""], "setup": {"duration": 0.0007422000053338706, "outcome": "passed", "stderr": "2026-01-09 13:04:01.883 Thread 'MainThread': missing ScriptRunContext! This warning can be ignored when running in bare mode.\n2026-01-09 13:04:01.883 Thread 'MainThread': missing ScriptRunContext! This warning can be ignored when running in bare mode.\n2026-01-09 13:04:01.883 Thread 'MainThread': missing ScriptRunContext! This warning can be ignored when running in bare mode.\n2026-01-09 13:04:01.883 Thread 'MainThread': missing ScriptRunContext! This warning can be ignored when running in bare mode.\n2026-01-09 13:04:01.883 Thread 'MainThread': missing ScriptRunContext! This warning can be ignored when running in bare mode.\n2026-01-09 13:04:01.883 Thread 'MainThread': missing ScriptRunContext! This warning can be ignored when running in bare mode.\n2026-01-09 13:04:01.883 Thread 'MainThread': missing ScriptRunContext! This warning can be ignored when running in bare mode.\n2026-01-09 13:04:01.883 Thread 'MainThread': missing ScriptRunContext! This warning can be ignored when running in bare mode.\n2026-01-09 13:04:01.883 Thread 'MainThread': missing ScriptRunContext! This warning can be ignored when running in bare mode.\n2026-01-09 13:04:01.883 Thread 'MainThread': missing ScriptRunContext! This warning can be ignored when running in bare mode.\n2026-01-09 13:04:01.883 Thread 'MainThread': missing ScriptRunContext! This warning can be ignored when running in bare mode.\n2026-01-09 13:04:01.883 Thread 'MainThread': missing ScriptRunContext! This warning can be ignored when running in bare mode.\n2026-01-09 13:04:01.883 Thread 'MainThread': missing ScriptRunContext! This warning can be ignored when running in bare mode.\n2026-01-09 13:04:01.883 Thread 'MainThread': missing ScriptRunContext! This warning can be ignored when running in bare mode.\n"}, "call": {"duration": 0.006883999973069876, "outcome": "passed", "stderr": "2026-01-09 13:04:01.884 Thread 'MainThread': missing ScriptRunContext! This warning can be ignored when running in bare mode.\n2026-01-09 13:04:01.884 Thread 'MainThread': missing ScriptRunContext! This warning can be ignored when running in bare mode.\n2026-01-09 13:04:01.884 Thread 'MainThread': missing ScriptRunContext! This warning can be ignored when running in bare mode.\n2026-01-09 13:04:01.884 Thread 'MainThread': missing ScriptRunContext! This warning can be ignored when running in bare mode.\n2026-01-09 13:04:01.884 Thread 'MainThread': missing ScriptRunContext! This warning can be ignored when running in bare mode.\n2026-01-09 13:04:01.885 Thread 'MainThread': missing ScriptRunContext! This warning can be ignored when running in bare mode.\n2026-01-09 13:04:01.885 Thread 'MainThread': missing ScriptRunContext! This warning can be ignored when running in bare mode.\n2026-01-09 13:04:01.885 Thread 'MainThread': missing ScriptRunContext! This warning can be ignored when running in bare mode.\n2026-01-09 13:04:01.885 Thread 'MainThread': missing ScriptRunContext! This warning can be ignored when running in bare mode.\n2026-01-09 13:04:01.885 Thread 'MainThread': missing ScriptRunContext! This warning can be ignored when running in bare mode.\n2026-01-09 13:04:01.885 Thread 'MainThread': missing ScriptRunContext! This warning can be ignored when running in bare mode.\n"}, "teardown": {"duration": 0.000604800006840378, "outcome": "passed"}}, {"nodeid": "tests/test_dashboard.py::test_render_search_view_no_query", "lineno": 314, "outcome": "passed", "keywords": ["test_render_search_view_no_query", "test_dashboard.py", "tests", "ai_powered_chatbot", ""], "setup": {"duration": 0.001815799972973764, "outcome": "passed", "stderr": "2026-01-09 13:04:01.892 Thread 'MainThread': missing ScriptRunContext! This warning can be ignored when running in bare mode.\n2026-01-09 13:04:01.892 Thread 'MainThread': missing ScriptRunContext! This warning can be ignored when running in bare mode.\n2026-01-09 13:04:01.892 Thread 'MainThread': missing ScriptRunContext! This warning can be ignored when running in bare mode.\n2026-01-09 13:04:01.892 Thread 'MainThread': missing ScriptRunContext! This warning can be ignored when running in bare mode.\n2026-01-09 13:04:01.892 Thread 'MainThread': missing ScriptRunContext! This warning can be ignored when running in bare mode.\n2026-01-09 13:04:01.892 Thread 'MainThread': missing ScriptRunContext! This warning can be ignored when running in bare mode.\n2026-01-09 13:04:01.892 Thread 'MainThread': missing ScriptRunContext! This warning can be ignored when running in bare mode.\n2026-01-09 13:04:01.893 Thread 'MainThread': missing ScriptRunContext! This warning can be ignored when running in bare mode.\n2026-01-09 13:04:01.893 Thread 'MainThread': missing ScriptRunContext! This warning can be ignored when running in bare mode.\n2026-01-09 13:04:01.893 Thread 'MainThread': missing ScriptRunContext! This warning can be ignored when running in bare mode.\n2026-01-09 13:04:01.893 Thread 'MainThread': missing ScriptRunContext! This warning can be ignored when running in bare mode.\n2026-01-09 13:04:01.893 Thread 'MainThread': missing ScriptRunContext! This warning can be ignored when running in bare mode.\n2026-01-09 13:04:01.893 Thread 'MainThread': missing ScriptRunContext! This warning can be ignored when running in bare mode.\n2026-01-09 13:04:01.893 Thread 'MainThread': missing ScriptRunContext! This warning can be ignored when running in bare mode.\n"}, "call": {"duration": 0.002719300042372197, "outcome": "passed", "stderr": "2026-01-09 13:04:01.894 Thread 'MainThread': missing ScriptRunContext! This warning can be ignored when running in bare mode.\n2026-01-09 13:04:01.895 Thread 'MainThread': missing ScriptRunContext! This warning can be ignored when running in bare mode.\n2026-01-09 13:04:01.896 Thread 'MainThread': missing ScriptRunContext! This warning can be ignored when running in bare mode.\n"}, "teardown": {"duration": 0.000298700004350394, "outcome": "passed"}}, {"nodeid": "tests/test_dashboard.py::test_render_search_view_with_query", "lineno": 332, "outcome": "passed", "keywords": ["test_render_search_view_with_query", "test_dashboard.py", "tests", "ai_powered_chatbot", ""], "setup": {"duration": 0.002410199958831072, "outcome": "passed", "stderr": "2026-01-09 13:04:01.898 Thread 'MainThread': missing ScriptRunContext! This warning can be ignored when running in bare mode.\n2026-01-09 13:04:01.898 Thread 'MainThread': missing ScriptRunContext! This warning can be ignored when running in bare mode.\n2026-01-09 13:04:01.898 Thread 'MainThread': missing ScriptRunContext! This warning can be ignored when running in bare mode.\n2026-01-09 13:04:01.899 Thread 'MainThread': missing ScriptRunContext! This warning can be ignored when running in bare mode.\n2026-01-09 13:04:01.899 Thread 'MainThread': missing ScriptRunContext! This warning can be ignored when running in bare mode.\n2026-01-09 13:04:01.899 Thread 'MainThread': missing ScriptRunContext! This warning can be ignored when running in bare mode.\n2026-01-09 13:04:01.899 Thread 'MainThread': missing ScriptRunContext! This warning can be ignored when running in bare mode.\n2026-01-09 13:04:01.899 Thread 'MainThread': missing ScriptRunContext! This warning can be ignored when running in bare mode.\n2026-01-09 13:04:01.899 Thread 'MainThread': missing ScriptRunContext! This warning can be ignored when running in bare mode.\n2026-01-09 13:04:01.899 Thread 'MainThread': missing ScriptRunContext! This warning can be ignored when running in bare mode.\n2026-01-09 13:04:01.899 Thread 'MainThread': missing ScriptRunContext! This warning can be ignored when running in bare mode.\n2026-01-09 13:04:01.899 Thread 'MainThread': missing ScriptRunContext! This warning can be ignored when running in bare mode.\n2026-01-09 13:04:01.899 Thread 'MainThread': missing ScriptRunContext! This warning can be ignored when running in bare mode.\n2026-01-09 13:04:01.899 Thread 'MainThread': missing ScriptRunContext! This warning can be ignored when running in bare mode.\n"}, "call": {"duration": 0.004067600006237626, "outcome": "passed", "stderr": "2026-01-09 13:04:01.901 Thread 'MainThread': missing ScriptRunContext! This warning can be ignored when running in bare mode.\n2026-01-09 13:04:01.901 Thread 'MainThread': missing ScriptRunContext! This warning can be ignored when running in bare mode.\n2026-01-09 13:04:01.902 Thread 'MainThread': missing ScriptRunContext! This warning can be ignored when running in bare mode.\n2026-01-09 13:04:01.902 Thread 'MainThread': missing ScriptRunContext! This warning can be ignored when running in bare mode.\n"}, "teardown": {"duration": 0.0005723999929614365, "outcome": "passed"}}, {"nodeid": "tests/test_dashboard.py::test_render_export_view", "lineno": 361, "outcome": "passed", "keywords": ["test_render_export_view", "test_dashboard.py", "tests", "ai_powered_chatbot", ""], "setup": {"duration": 0.0024825999862514436, "outcome": "passed", "stderr": "2026-01-09 13:04:01.907 Thread 'MainThread': missing ScriptRunContext! This warning can be ignored when running in bare mode.\n2026-01-09 13:04:01.907 Thread 'MainThread': missing ScriptRunContext! This warning can be ignored when running in bare mode.\n2026-01-09 13:04:01.907 Thread 'MainThread': missing ScriptRunContext! This warning can be ignored when running in bare mode.\n2026-01-09 13:04:01.907 Thread 'MainThread': missing ScriptRunContext! This warning can be ignored when running in bare mode.\n2026-01-09 13:04:01.907 Thread 'MainThread': missing ScriptRunContext! This warning can be ignored when running in bare mode.\n2026-01-09 13:04:01.907 Thread 'MainThread': missing ScriptRunContext! This warning can be ignored when running in bare mode.\n2026-01-09 13:04:01.908 Thread 'MainThread': missing ScriptRunContext! This warning can be ignored when running in bare mode.\n2026-01-09 13:04:01.908 Thread 'MainThread': missing ScriptRunContext! This warning can be ignored when running in bare mode.\n2026-01-09 13:04:01.908 Thread 'MainThread': missing ScriptRunContext! This warning can be ignored when running in bare mode.\n2026-01-09 13:04:01.908 Thread 'MainThread': missing ScriptRunContext! This warning can be ignored when running in bare mode.\n2026-01-09 13:04:01.908 Thread 'MainThread': missing ScriptRunContext! This warning can be ignored when running in bare mode.\n2026-01-09 13:04:01.908 Thread 'MainThread': missing ScriptRunContext! This warning can be ignored when running in bare mode.\n2026-01-09 13:04:01.908 Thread 'MainThread': missing ScriptRunContext! This warning can be ignored when running in bare mode.\n2026-01-09 13:04:01.908 Thread 'MainThread': missing ScriptRunContext! This warning can be ignored when running in bare mode.\n"}, "call": {"duration": 0.016518699994776398, "outcome": "passed", "stderr": "2026-01-09 13:04:01.909 Thread 'MainThread': missing ScriptRunContext! This warning can be ignored when running in bare mode.\n2026-01-09 13:04:01.910 Thread 'MainThread': missing ScriptRunContext! This warning can be ignored when running in bare mode.\n2026-01-09 13:04:01.911 Thread 'MainThread': missing ScriptRunContext! This warning can be ignored when running in bare mode.\n2026-01-09 13:04:01.912 Thread 'MainThread': missing ScriptRunContext! This warning can be ignored when running in bare mode.\n2026-01-09 13:04:01.912 Thread 'MainThread': missing ScriptRunContext! This warning can be ignored when running in bare mode.\n2026-01-09 13:04:01.916 Thread 'MainThread': missing ScriptRunContext! This warning can be ignored when running in bare mode.\n2026-01-09 13:04:01.917 Thread 'MainThread': missing ScriptRunContext! This warning can be ignored when running in bare mode.\n"}, "teardown": {"duration": 0.0007604999700561166, "outcome": "passed"}}, {"nodeid": "tests/test_dashboard.py::test_render_export_view_csv_data", "lineno": 381, "outcome": "passed", "keywords": ["test_render_export_view_csv_data", "test_dashboard.py", "tests", "ai_powered_chatbot", ""], "setup": {"duration": 0.001692199963144958, "outcome": "passed", "stderr": "2026-01-09 13:04:01.928 Thread 'MainThread': missing ScriptRunContext! This warning can be ignored when running in bare mode.\n2026-01-09 13:04:01.928 Thread 'MainThread': missing ScriptRunContext! This warning can be ignored when running in bare mode.\n2026-01-09 13:04:01.928 Thread 'MainThread': missing ScriptRunContext! This warning can be ignored when running in bare mode.\n2026-01-09 13:04:01.928 Thread 'MainThread': missing ScriptRunContext! This warning can be ignored when running in bare mode.\n2026-01-09 13:04:01.928 Thread 'MainThread': missing ScriptRunContext! This warning can be ignored when running in bare mode.\n2026-01-09 13:04:01.928 Thread 'MainThread': missing ScriptRunContext! This warning can be ignored when running in bare mode.\n2026-01-09 13:04:01.928 Thread 'MainThread': missing ScriptRunContext! This warning can be ignored when running in bare mode.\n2026-01-09 13:04:01.928 Thread 'MainThread': missing ScriptRunContext! This warning can be ignored when running in bare mode.\n2026-01-09 13:04:01.928 Thread 'MainThread': missing ScriptRunContext! This warning can be ignored when running in bare mode.\n2026-01-09 13:04:01.928 Thread 'MainThread': missing ScriptRunContext! This warning can be ignored when running in bare mode.\n2026-01-09 13:04:01.928 Thread 'MainThread': missing ScriptRunContext! This warning can be ignored when running in bare mode.\n2026-01-09 13:04:01.928 Thread 'MainThread': missing ScriptRunContext! This warning can be ignored when running in bare mode.\n2026-01-09 13:04:01.928 Thread 'MainThread': missing ScriptRunContext! This warning can be ignored when running in bare mode.\n2026-01-09 13:04:01.928 Thread 'MainThread': missing ScriptRunContext! This warning can be ignored when running in bare mode.\n"}, "call": {"duration": 0.000957300013396889, "outcome": "passed", "stderr": "2026-01-09 13:04:01.929 Thread 'MainThread': missing ScriptRunContext! This warning can be ignored when running in bare mode.\n2026-01-09 13:04:01.930 Thread 'MainThread': missing ScriptRunContext! This warning can be ignored when running in bare mode.\n"}, "teardown": {"duration": 0.00029009999707341194, "outcome": "passed"}}, {"nodeid": "tests/test_dashboard.py::test_render_help_view", "lineno": 415, "outcome": "passed", "keywords": ["test_render_help_view", "test_dashboard.py", "tests", "ai_powered_chatbot", ""], "setup": {"duration": 0.0012366000446490943, "outcome": "passed", "stderr": "2026-01-09 13:04:01.931 Thread 'MainThread': missing ScriptRunContext! This warning can be ignored when running in bare mode.\n2026-01-09 13:04:01.932 Thread 'MainThread': missing ScriptRunContext! This warning can be ignored when running in bare mode.\n2026-01-09 13:04:01.932 Thread 'MainThread': missing ScriptRunContext! This warning can be ignored when running in bare mode.\n2026-01-09 13:04:01.932 Thread 'MainThread': missing ScriptRunContext! This warning can be ignored when running in bare mode.\n2026-01-09 13:04:01.932 Thread 'MainThread': missing ScriptRunContext! This warning can be ignored when running in bare mode.\n2026-01-09 13:04:01.932 Thread 'MainThread': missing ScriptRunContext! This warning can be ignored when running in bare mode.\n2026-01-09 13:04:01.932 Thread 'MainThread': missing ScriptRunContext! This warning can be ignored when running in bare mode.\n2026-01-09 13:04:01.932 Thread 'MainThread': missing ScriptRunContext! This warning can be ignored when running in bare mode.\n2026-01-09 13:04:01.932 Thread 'MainThread': missing ScriptRunContext! This warning can be ignored when running in bare mode.\n2026-01-09 13:04:01.932 Thread 'MainThread': missing ScriptRunContext! This warning can be ignored when running in bare mode.\n2026-01-09 13:04:01.932 Thread 'MainThread': missing ScriptRunContext! This warning can be ignored when running in bare mode.\n2026-01-09 13:04:01.932 Thread 'MainThread': missing ScriptRunContext! This warning can be ignored when running in bare mode.\n2026-01-09 13:04:01.932 Thread 'MainThread': missing ScriptRunContext! This warning can be ignored when running in bare mode.\n2026-01-09 13:04:01.932 Thread 'MainThread': missing ScriptRunContext! This warning can be ignored when running in bare mode.\n"}, "call": {"duration": 0.004858599975705147, "outcome": "passed"}, "teardown": {"duration": 0.00025560002541169524, "outcome": "passed"}}, {"nodeid": "tests/test_dashboard.py::test_function_collection_logic", "lineno": 431, "outcome": "passed", "keywords": ["test_function_collection_logic", "test_dashboard.py", "tests", "ai_powered_chatbot", ""], "setup": {"duration": 0.0002516999957151711, "outcome": "passed"}, "call": {"duration": 0.00023419997887685895, "outcome": "passed"}, "teardown": {"duration": 0.0002747999969869852, "outcome": "passed"}}, {"nodeid": "tests/test_dashboard.py::test_search_filter_logic", "lineno": 457, "outcome": "passed", "keywords": ["test_search_filter_logic", "test_dashboard.py", "tests", "ai_powered_chatbot", ""], "setup": {"duration": 0.0006111999973654747, "outcome": "passed"}, "call": {"duration": 0.00025539996568113565, "outcome": "passed"}, "teardown": {"duration": 0.00021359999664127827, "outcome": "passed"}}, {"nodeid": "tests/test_dashboard.py::test_status_filter_logic", "lineno": 475, "outcome": "passed", "keywords": ["test_status_filter_logic", "test_dashboard.py", "tests", "ai_powered_chatbot", ""], "setup": {"duration": 0.0002258999738842249, "outcome": "passed"}, "call": {"duration": 0.0002888000453822315, "outcome": "passed"}, "teardown": {"duration": 0.00036859995452687144, "outcome": "passed"}}, {"nodeid": "tests/test_dashboard.py::test_test_results_grouping", "lineno": 498, "outcome": "passed", "keywords": ["test_test_results_grouping", "test_dashboard.py", "tests", "ai_powered_chatbot", ""], "setup": {"duration": 0.0008119000121951103, "outcome": "passed"}, "call": {"duration": 0.0003554999711923301, "outcome": "passed"}, "teardown": {"duration": 0.00023020000662654638, "outcome": "passed"}}, {"nodeid": "tests/test_generator.py::test_generate_google_docstring_with_groq", "lineno": 13, "outcome": "passed", "keywords": ["test_generate_google_docstring_with_groq", "test_generator.py", "tests", "ai_powered_chatbot", ""], "setup": {"duration": 0.0003758000093512237, "outcome": "passed"}, "call": {"duration": 1.065414599957876, "outcome": "passed", "stdout": "[DEBUG] Generating google docstring for: add\n[DEBUG] API Key found: gsk_vCzp0w...\n[DEBUG] Prompt built, length: 1196\n[DEBUG] Calling Groq API...\n[DEBUG] API call successful\n[DEBUG] Docstring content length: 152\n[DEBUG] Final docstring generated successfully\n"}, "teardown": {"duration": 0.00036589999217540026, "outcome": "passed"}}, {"nodeid": "tests/test_generator.py::test_generate_google_docstring_fallback", "lineno": 32, "outcome": "passed", "keywords": ["test_generate_google_docstring_fallback", "test_generator.py", "tests", "ai_powered_chatbot", ""], "setup": {"duration": 0.00033329997677356005, "outcome": "passed"}, "call": {"duration": 0.0010559000074863434, "outcome": "passed", "stdout": "[DEBUG] Generating google docstring for: multiply\n[INFO] Using fallback template generation (use_groq=False)\n"}, "teardown": {"duration": 0.00040390004869550467, "outcome": "passed"}}, {"nodeid": "tests/test_generator.py::test_generate_numpy_docstring", "lineno": 49, "outcome": "passed", "keywords": ["test_generate_numpy_docstring", "test_generator.py", "tests", "ai_powered_chatbot", ""], "setup": {"duration": 0.0003505999920889735, "outcome": "passed"}, "call": {"duration": 0.0008440000237897038, "outcome": "passed", "stdout": "[DEBUG] Generating numpy docstring for: calculate\n[INFO] Using fallback template generation (use_groq=False)\n"}, "teardown": {"duration": 0.00044410000555217266, "outcome": "passed"}}, {"nodeid": "tests/test_generator.py::test_generate_rest_docstring", "lineno": 66, "outcome": "passed", "keywords": ["test_generate_rest_docstring", "test_generator.py", "tests", "ai_powered_chatbot", ""], "setup": {"duration": 0.0003755000070668757, "outcome": "passed"}, "call": {"duration": 0.0012568000238388777, "outcome": "passed", "stdout": "[DEBUG] Generating rest docstring for: process\n[INFO] Using fallback template generation (use_groq=False)\n"}, "teardown": {"duration": 0.00038240000139921904, "outcome": "passed"}}, {"nodeid": "tests/test_generator.py::test_generate_all_styles", "lineno": 83, "outcome": "passed", "keywords": ["test_generate_all_styles", "test_generator.py", "tests", "ai_powered_chatbot", ""], "setup": {"duration": 0.00033389998134225607, "outcome": "passed"}, "call": {"duration": 0.00117350002983585, "outcome": "passed", "stdout": "[DEBUG] Generating google docstring for: test_function\n[INFO] Using fallback template generation (use_groq=False)\n[DEBUG] Generating numpy docstring for: test_function\n[INFO] Using fallback template generation (use_groq=False)\n[DEBUG] Generating rest docstring for: test_function\n[INFO] Using fallback template generation (use_groq=False)\n"}, "teardown": {"duration": 0.0004181999829597771, "outcome": "passed"}}, {"nodeid": "tests/test_generator.py::test_docstring_excludes_self_parameter", "lineno": 104, "outcome": "passed", "keywords": ["test_docstring_excludes_self_parameter", "test_generator.py", "tests", "ai_powered_chatbot", ""], "setup": {"duration": 0.0003347999881953001, "outcome": "passed"}, "call": {"duration": 0.0007625999860465527, "outcome": "passed", "stdout": "[DEBUG] Generating google docstring for: method\n[INFO] Using fallback template generation (use_groq=False)\n"}, "teardown": {"duration": 0.0005404999828897417, "outcome": "passed"}}, {"nodeid": "tests/test_generator.py::test_docstring_excludes_cls_parameter", "lineno": 124, "outcome": "passed", "keywords": ["test_docstring_excludes_cls_parameter", "test_generator.py", "tests", "ai_powered_chatbot", ""], "setup": {"duration": 0.0005637999856844544, "outcome": "passed"}, "call": {"duration": 0.0008113000076264143, "outcome": "passed", "stdout": "[DEBUG] Generating google docstring for: classmethod\n[INFO] Using fallback template generation (use_groq=False)\n"}, "teardown": {"duration": 0.00023879995569586754, "outcome": "passed"}}, {"nodeid": "tests/test_generator.py::test_docstring_with_raises_section", "lineno": 144, "outcome": "passed", "keywords": ["test_docstring_with_raises_section", "test_generator.py", "tests", "ai_powered_chatbot", ""], "setup": {"duration": 0.0003228999557904899, "outcome": "passed"}, "call": {"duration": 0.0012514999834820628, "outcome": "passed", "stdout": "[DEBUG] Generating google docstring for: validate\n[INFO] Using fallback template generation (use_groq=False)\n"}, "teardown": {"duration": 0.0003523999475874007, "outcome": "passed"}}, {"nodeid": "tests/test_generator.py::test_docstring_without_raises_section", "lineno": 160, "outcome": "passed", "keywords": ["test_docstring_without_raises_section", "test_generator.py", "tests", "ai_powered_chatbot", ""], "setup": {"duration": 0.0003603000077418983, "outcome": "passed"}, "call": {"duration": 0.0011577000259421766, "outcome": "passed", "stdout": "[DEBUG] Generating google docstring for: simple_func\n[INFO] Using fallback template generation (use_groq=False)\n"}, "teardown": {"duration": 0.0003793999785557389, "outcome": "passed"}}, {"nodeid": "tests/test_generator.py::test_docstring_function_without_args", "lineno": 175, "outcome": "passed", "keywords": ["test_docstring_function_without_args", "test_generator.py", "tests", "ai_powered_chatbot", ""], "setup": {"duration": 0.00033569999504834414, "outcome": "passed"}, "call": {"duration": 0.0010160999954678118, "outcome": "passed", "stdout": "[DEBUG] Generating google docstring for: get_timestamp\n[INFO] Using fallback template generation (use_groq=False)\n"}, "teardown": {"duration": 0.00042890000622719526, "outcome": "passed"}}, {"nodeid": "tests/test_generator.py::test_docstring_function_without_return", "lineno": 192, "outcome": "passed", "keywords": ["test_docstring_function_without_return", "test_generator.py", "tests", "ai_powered_chatbot", ""], "setup": {"duration": 0.00032029999420046806, "outcome": "passed"}, "call": {"duration": 0.0007046000100672245, "outcome": "passed", "stdout": "[DEBUG] Generating google docstring for: print_message\n[INFO] Using fallback template generation (use_groq=False)\n"}, "teardown": {"duration": 0.0004096999764442444, "outcome": "passed"}}, {"nodeid": "tests/test_generator.py::test_generate_from_parsed_examples", "lineno": 208, "outcome": "passed", "keywords": ["test_generate_from_parsed_examples", "test_generator.py", "tests", "ai_powered_chatbot", ""], "setup": {"duration": 0.0003473000251688063, "outcome": "passed"}, "call": {"duration": 0.003372300008777529, "outcome": "passed", "stdout": "[DEBUG] Generating google docstring for: calculate_average\n[INFO] Using fallback template generation (use_groq=False)\n"}, "teardown": {"duration": 0.0002658999874256551, "outcome": "passed"}}, {"nodeid": "tests/test_generator.py::test_generate_all_styles_from_parsed_examples", "lineno": 237, "outcome": "passed", "keywords": ["test_generate_all_styles_from_parsed_examples", "test_generator.py", "tests", "ai_powered_chatbot", ""], "setup": {"duration": 0.00019200000679120421, "outcome": "passed"}, "call": {"duration": 0.0036840999964624643, "outcome": "passed", "stdout": "[DEBUG] Generating google docstring for: calculate_average\n[INFO] Using fallback template generation (use_groq=False)\n[DEBUG] Generating numpy docstring for: calculate_average\n[INFO] Using fallback template generation (use_groq=False)\n[DEBUG] Generating rest docstring for: calculate_average\n[INFO] Using fallback template generation (use_groq=False)\n"}, "teardown": {"duration": 0.0003711999743245542, "outcome": "passed"}}, {"nodeid": "tests/test_generator.py::test_fallback_docstring_google_style", "lineno": 280, "outcome": "passed", "keywords": ["test_fallback_docstring_google_style", "test_generator.py", "tests", "ai_powered_chatbot", ""], "setup": {"duration": 0.00033080001594498754, "outcome": "passed"}, "call": {"duration": 0.0003581999917514622, "outcome": "passed"}, "teardown": {"duration": 0.00032409996492788196, "outcome": "passed"}}, {"nodeid": "tests/test_generator.py::test_fallback_docstring_numpy_style", "lineno": 298, "outcome": "passed", "keywords": ["test_fallback_docstring_numpy_style", "test_generator.py", "tests", "ai_powered_chatbot", ""], "setup": {"duration": 0.0003418999840505421, "outcome": "passed"}, "call": {"duration": 0.00034950004192069173, "outcome": "passed"}, "teardown": {"duration": 0.000317899975925684, "outcome": "passed"}}, {"nodeid": "tests/test_generator.py::test_fallback_docstring_rest_style", "lineno": 316, "outcome": "passed", "keywords": ["test_fallback_docstring_rest_style", "test_generator.py", "tests", "ai_powered_chatbot", ""], "setup": {"duration": 0.0003076000139117241, "outcome": "passed"}, "call": {"duration": 0.00034610001603141427, "outcome": "passed"}, "teardown": {"duration": 0.0003331999760121107, "outcome": "passed"}}, {"nodeid": "tests/test_generator.py::test_groq_api_key_detection", "lineno": 334, "outcome": "passed", "keywords": ["test_groq_api_key_detection", "test_generator.py", "tests", "ai_powered_chatbot", ""], "setup": {"duration": 0.00031700002728030086, "outcome": "passed"}, "call": {"duration": 1.0430302000022493, "outcome": "passed", "stdout": "[DEBUG] Generating google docstring for: test\n[DEBUG] API Key found: gsk_vCzp0w...\n[DEBUG] Prompt built, length: 1188\n[DEBUG] Calling Groq API...\n[DEBUG] API call successful\n[DEBUG] Docstring content length: 121\n[DEBUG] Final docstring generated successfully\n"}, "teardown": {"duration": 0.0006392999785020947, "outcome": "passed"}}, {"nodeid": "tests/test_generator.py::test_multiple_arguments_formatting", "lineno": 351, "outcome": "passed", "keywords": ["test_multiple_arguments_formatting", "test_generator.py", "tests", "ai_powered_chatbot", ""], "setup": {"duration": 0.00019880000036209822, "outcome": "passed"}, "call": {"duration": 0.0004214000073261559, "outcome": "passed", "stdout": "[DEBUG] Generating google docstring for: complex_func\n[INFO] Using fallback template generation (use_groq=False)\n"}, "teardown": {"duration": 0.00020549999317154288, "outcome": "passed"}}, {"nodeid": "tests/test_parser.py::test_parse_path_returns_list", "lineno": 24, "outcome": "passed", "keywords": ["test_parse_path_returns_list", "test_parser.py", "tests", "ai_powered_chatbot", ""], "setup": {"duration": 0.00020020001102238894, "outcome": "passed"}, "call": {"duration": 0.0018254000460729003, "outcome": "passed"}, "teardown": {"duration": 0.00019859999883919954, "outcome": "passed"}}, {"nodeid": "tests/test_parser.py::test_parse_path_finds_files", "lineno": 30, "outcome": "passed", "keywords": ["test_parse_path_finds_files", "test_parser.py", "tests", "ai_powered_chatbot", ""], "setup": {"duration": 0.00018279999494552612, "outcome": "passed"}, "call": {"duration": 0.0016056000022217631, "outcome": "passed"}, "teardown": {"duration": 0.00019649998284876347, "outcome": "passed"}}, {"nodeid": "tests/test_parser.py::test_parse_examples_directory", "lineno": 37, "outcome": "passed", "keywords": ["test_parse_examples_directory", "test_parser.py", "tests", "ai_powered_chatbot", ""], "setup": {"duration": 0.00022420001914724708, "outcome": "passed"}, "call": {"duration": 0.00402399996528402, "outcome": "passed"}, "teardown": {"duration": 0.0005568999913521111, "outcome": "passed"}}, {"nodeid": "tests/test_parser.py::test_function_metadata_structure", "lineno": 59, "outcome": "passed", "keywords": ["test_function_metadata_structure", "test_parser.py", "tests", "ai_powered_chatbot", ""], "setup": {"duration": 0.0004620999679900706, "outcome": "passed"}, "call": {"duration": 0.003934199979994446, "outcome": "passed"}, "teardown": {"duration": 0.0004703000304289162, "outcome": "passed"}}, {"nodeid": "tests/test_parser.py::test_class_metadata_structure", "lineno": 100, "outcome": "passed", "keywords": ["test_class_metadata_structure", "test_parser.py", "tests", "ai_powered_chatbot", ""], "setup": {"duration": 0.0003784999717026949, "outcome": "passed"}, "call": {"duration": 0.0034388999920338392, "outcome": "passed"}, "teardown": {"duration": 0.00046629999997094274, "outcome": "passed"}}, {"nodeid": "tests/test_parser.py::test_argument_parsing", "lineno": 133, "outcome": "passed", "keywords": ["test_argument_parsing", "test_parser.py", "tests", "ai_powered_chatbot", ""], "setup": {"duration": 0.0005113999941386282, "outcome": "passed"}, "call": {"duration": 0.004480500007048249, "outcome": "passed"}, "teardown": {"duration": 0.0004668000037781894, "outcome": "passed"}}, {"nodeid": "tests/test_parser.py::test_docstring_extraction", "lineno": 160, "outcome": "passed", "keywords": ["test_docstring_extraction", "test_parser.py", "tests", "ai_powered_chatbot", ""], "setup": {"duration": 0.0004159999662078917, "outcome": "passed"}, "call": {"duration": 0.0033109000069089234, "outcome": "passed"}, "teardown": {"duration": 0.0004415000439621508, "outcome": "passed"}}, {"nodeid": "tests/test_parser.py::test_complexity_calculation", "lineno": 185, "outcome": "passed", "keywords": ["test_complexity_calculation", "test_parser.py", "tests", "ai_powered_chatbot", ""], "setup": {"duration": 0.00038300000596791506, "outcome": "passed"}, "call": {"duration": 0.003076900029554963, "outcome": "passed"}, "teardown": {"duration": 0.000380899989977479, "outcome": "passed"}}, {"nodeid": "tests/test_parser.py::test_nesting_depth_calculation", "lineno": 196, "outcome": "passed", "keywords": ["test_nesting_depth_calculation", "test_parser.py", "tests", "ai_powered_chatbot", ""], "setup": {"duration": 0.00044679996790364385, "outcome": "passed"}, "call": {"duration": 0.00221950002014637, "outcome": "passed"}, "teardown": {"duration": 0.00021670002024620771, "outcome": "passed"}}, {"nodeid": "tests/test_parser.py::test_raises_extraction", "lineno": 207, "outcome": "passed", "keywords": ["test_raises_extraction", "test_parser.py", "tests", "ai_powered_chatbot", ""], "setup": {"duration": 0.0002734999870881438, "outcome": "passed"}, "call": {"duration": 0.0031485999934375286, "outcome": "passed"}, "teardown": {"duration": 0.0003601000062189996, "outcome": "passed"}}, {"nodeid": "tests/test_parser.py::test_parsing_errors_field", "lineno": 222, "outcome": "passed", "keywords": ["test_parsing_errors_field", "test_parser.py", "tests", "ai_powered_chatbot", ""], "setup": {"duration": 0.000340400030836463, "outcome": "passed"}, "call": {"duration": 0.002867500006686896, "outcome": "passed"}, "teardown": {"duration": 0.00039010000182315707, "outcome": "passed"}}, {"nodeid": "tests/test_parser.py::test_imports_extraction", "lineno": 231, "outcome": "passed", "keywords": ["test_imports_extraction", "test_parser.py", "tests", "ai_powered_chatbot", ""], "setup": {"duration": 0.000317899975925684, "outcome": "passed"}, "call": {"duration": 0.0026299000019207597, "outcome": "passed"}, "teardown": {"duration": 0.00032629998167976737, "outcome": "passed"}}, {"nodeid": "tests/test_parser.py::test_line_numbers_are_valid", "lineno": 246, "outcome": "passed", "keywords": ["test_line_numbers_are_valid", "test_parser.py", "tests", "ai_powered_chatbot", ""], "setup": {"duration": 0.00027219997718930244, "outcome": "passed"}, "call": {"duration": 0.002355600008741021, "outcome": "passed"}, "teardown": {"duration": 0.0002145000034943223, "outcome": "passed"}}, {"nodeid": "tests/test_parser.py::test_parse_file_single_file", "lineno": 256, "outcome": "passed", "keywords": ["test_parse_file_single_file", "test_parser.py", "tests", "ai_powered_chatbot", ""], "setup": {"duration": 0.00018750003073364496, "outcome": "passed"}, "call": {"duration": 0.00409970001783222, "outcome": "passed"}, "teardown": {"duration": 0.00036070001078769565, "outcome": "passed"}}, {"nodeid": "tests/test_parser.py::test_recursive_parsing", "lineno": 275, "outcome": "passed", "keywords": ["test_recursive_parsing", "test_parser.py", "tests", "ai_powered_chatbot", ""], "setup": {"duration": 0.0003312000189907849, "outcome": "passed"}, "call": {"duration": 0.002860400010831654, "outcome": "passed"}, "teardown": {"duration": 0.00035659997956827283, "outcome": "passed"}}, {"nodeid": "tests/test_parser.py::test_non_recursive_parsing", "lineno": 282, "outcome": "passed", "keywords": ["test_non_recursive_parsing", "test_parser.py", "tests", "ai_powered_chatbot", ""], "setup": {"duration": 0.00033250002888962626, "outcome": "passed"}, "call": {"duration": 0.002757500042207539, "outcome": "passed"}, "teardown": {"duration": 0.000360800011549145, "outcome": "passed"}}, {"nodeid": "tests/test_parser.py::test_get_annotation_str", "lineno": 289, "outcome": "passed", "keywords": ["test_get_annotation_str", "test_parser.py", "tests", "ai_powered_chatbot", ""], "setup": {"duration": 0.0003494000411592424, "outcome": "passed"}, "call": {"duration": 0.0007392999832518399, "outcome": "passed"}, "teardown": {"duration": 0.00027140002930536866, "outcome": "passed"}}, {"nodeid": "tests/test_parser.py::test_has_docstring_helper", "lineno": 308, "outcome": "passed", "keywords": ["test_has_docstring_helper", "test_parser.py", "tests", "ai_powered_chatbot", ""], "setup": {"duration": 0.0002250999677926302, "outcome": "passed"}, "call": {"duration": 0.00027240003691986203, "outcome": "passed"}, "teardown": {"duration": 0.0003457000129856169, "outcome": "passed"}}, {"nodeid": "tests/test_parser.py::test_simple_complexity_helper", "lineno": 330, "outcome": "passed", "keywords": ["test_simple_complexity_helper", "test_parser.py", "tests", "ai_powered_chatbot", ""], "setup": {"duration": 0.00034580001374706626, "outcome": "passed"}, "call": {"duration": 0.000588800001423806, "outcome": "passed"}, "teardown": {"duration": 0.00038430001586675644, "outcome": "passed"}}, {"nodeid": "tests/test_parser.py::test_max_nesting_depth_helper", "lineno": 355, "outcome": "passed", "keywords": ["test_max_nesting_depth_helper", "test_parser.py", "tests", "ai_powered_chatbot", ""], "setup": {"duration": 0.0003389000194147229, "outcome": "passed"}, "call": {"duration": 0.0006020000437274575, "outcome": "passed"}, "teardown": {"duration": 0.00033849995816126466, "outcome": "passed"}}, {"nodeid": "tests/test_parser.py::test_extract_raises_helper", "lineno": 382, "outcome": "passed", "keywords": ["test_extract_raises_helper", "test_parser.py", "tests", "ai_powered_chatbot", ""], "setup": {"duration": 0.0003209999995306134, "outcome": "passed"}, "call": {"duration": 0.0005772999720647931, "outcome": "passed"}, "teardown": {"duration": 0.00033569999504834414, "outcome": "passed"}}, {"nodeid": "tests/test_parser.py::test_get_docstring_with_triple_quotes", "lineno": 407, "outcome": "passed", "keywords": ["test_get_docstring_with_triple_quotes", "test_parser.py", "tests", "ai_powered_chatbot", ""], "setup": {"duration": 0.0003229000139981508, "outcome": "passed"}, "call": {"duration": 0.0004124999977648258, "outcome": "passed"}, "teardown": {"duration": 0.0003578999894671142, "outcome": "passed"}}, {"nodeid": "tests/test_parser.py::test_total_functions_count", "lineno": 424, "outcome": "passed", "keywords": ["test_total_functions_count", "test_parser.py", "tests", "ai_powered_chatbot", ""], "setup": {"duration": 0.0004162999684922397, "outcome": "passed"}, "call": {"duration": 0.003438000043388456, "outcome": "passed"}, "teardown": {"duration": 0.00038029998540878296, "outcome": "passed"}}, {"nodeid": "tests/test_parser.py::test_total_classes_count", "lineno": 433, "outcome": "passed", "keywords": ["test_total_classes_count", "test_parser.py", "tests", "ai_powered_chatbot", ""], "setup": {"duration": 0.0003402999718673527, "outcome": "passed"}, "call": {"duration": 0.002216900000348687, "outcome": "passed"}, "teardown": {"duration": 0.00039679999463260174, "outcome": "passed"}}, {"nodeid": "tests/test_parser.py::test_file_paths_are_valid", "lineno": 442, "outcome": "passed", "keywords": ["test_file_paths_are_valid", "test_parser.py", "tests", "ai_powered_chatbot", ""], "setup": {"duration": 0.0003350000479258597, "outcome": "passed"}, "call": {"duration": 0.00313209998421371, "outcome": "passed"}, "teardown": {"duration": 0.000374700000975281, "outcome": "passed"}}, {"nodeid": "tests/test_validator.py::test_validator_initialization", "lineno": 8, "outcome": "passed", "keywords": ["test_validator_initialization", "test_validator.py", "tests", "ai_powered_chatbot", ""], "setup": {"duration": 0.00033629999961704016, "outcome": "passed"}, "call": {"duration": 0.00038430001586675644, "outcome": "passed"}, "teardown": {"duration": 0.0003279999946244061, "outcome": "passed"}}, {"nodeid": "tests/test_validator.py::test_validate_file_returns_list", "lineno": 16, "outcome": "passed", "keywords": ["test_validate_file_returns_list", "test_validator.py", "tests", "ai_powered_chatbot", ""], "setup": {"duration": 0.0002899000537581742, "outcome": "passed"}, "call": {"duration": 0.002335999975912273, "outcome": "passed"}, "teardown": {"duration": 0.0003694999613799155, "outcome": "passed"}}, {"nodeid": "tests/test_validator.py::test_validate_file_structure", "lineno": 28, "outcome": "passed", "keywords": ["test_validate_file_structure", "test_validator.py", "tests", "ai_powered_chatbot", ""], "setup": {"duration": 0.0003423000453040004, "outcome": "passed"}, "call": {"duration": 0.003377299988642335, "outcome": "passed"}, "teardown": {"duration": 0.00026400003116577864, "outcome": "passed"}}, {"nodeid": "tests/test_validator.py::test_validate_project_returns_dict", "lineno": 51, "outcome": "passed", "keywords": ["test_validate_project_returns_dict", "test_validator.py", "tests", "ai_powered_chatbot", ""], "setup": {"duration": 0.00019400002202019095, "outcome": "passed"}, "call": {"duration": 0.003693500009831041, "outcome": "passed"}, "teardown": {"duration": 0.00035070005105808377, "outcome": "passed"}}, {"nodeid": "tests/test_validator.py::test_validate_project_metrics_types", "lineno": 69, "outcome": "passed", "keywords": ["test_validate_project_metrics_types", "test_validator.py", "tests", "ai_powered_chatbot", ""], "setup": {"duration": 0.000361400016117841, "outcome": "passed"}, "call": {"duration": 0.0025809999788179994, "outcome": "passed"}, "teardown": {"duration": 0.00035039999056607485, "outcome": "passed"}}, {"nodeid": "tests/test_validator.py::test_validate_project_compliance_percentage", "lineno": 83, "outcome": "passed", "keywords": ["test_validate_project_compliance_percentage", "test_validator.py", "tests", "ai_powered_chatbot", ""], "setup": {"duration": 0.0003561999765224755, "outcome": "passed"}, "call": {"duration": 0.0034286000300198793, "outcome": "passed"}, "teardown": {"duration": 0.0006759000243619084, "outcome": "passed"}}, {"nodeid": "tests/test_validator.py::test_validator_detects_missing_docstrings", "lineno": 91, "outcome": "passed", "keywords": ["test_validator_detects_missing_docstrings", "test_validator.py", "tests", "ai_powered_chatbot", ""], "setup": {"duration": 0.0002468999591656029, "outcome": "passed"}, "call": {"duration": 0.0030143000185489655, "outcome": "passed"}, "teardown": {"duration": 0.0004240999696776271, "outcome": "passed"}}, {"nodeid": "tests/test_validator.py::test_validator_checks_docstring_format", "lineno": 110, "outcome": "passed", "keywords": ["test_validator_checks_docstring_format", "test_validator.py", "tests", "ai_powered_chatbot", ""], "setup": {"duration": 0.00033489998895674944, "outcome": "passed"}, "call": {"duration": 0.0035964000271633267, "outcome": "passed"}, "teardown": {"duration": 0.0003716999781318009, "outcome": "passed"}}, {"nodeid": "tests/test_validator.py::test_validator_skips_private_functions", "lineno": 129, "outcome": "passed", "keywords": ["test_validator_skips_private_functions", "test_validator.py", "tests", "ai_powered_chatbot", ""], "setup": {"duration": 0.0003284999984316528, "outcome": "passed"}, "call": {"duration": 0.000470799976028502, "outcome": "passed"}, "teardown": {"duration": 0.00033140002051368356, "outcome": "passed"}}, {"nodeid": "tests/test_validator.py::test_validator_checks_triple_quotes", "lineno": 162, "outcome": "passed", "keywords": ["test_validator_checks_triple_quotes", "test_validator.py", "tests", "ai_powered_chatbot", ""], "setup": {"duration": 0.00031890004174783826, "outcome": "passed"}, "call": {"duration": 0.0003578000469133258, "outcome": "passed"}, "teardown": {"duration": 0.0003032999811694026, "outcome": "passed"}}, {"nodeid": "tests/test_validator.py::test_validator_checks_period_ending", "lineno": 185, "outcome": "passed", "keywords": ["test_validator_checks_period_ending", "test_validator.py", "tests", "ai_powered_chatbot", ""], "setup": {"duration": 0.00032029999420046806, "outcome": "passed"}, "call": {"duration": 0.00043319998076185584, "outcome": "passed"}, "teardown": {"duration": 0.00023340003099292517, "outcome": "passed"}}, {"nodeid": "tests/test_validator.py::test_validator_with_proper_docstring", "lineno": 208, "outcome": "passed", "keywords": ["test_validator_with_proper_docstring", "test_validator.py", "tests", "ai_powered_chatbot", ""], "setup": {"duration": 0.00017740001203492284, "outcome": "passed"}, "call": {"duration": 0.00038680003490298986, "outcome": "passed"}, "teardown": {"duration": 0.00025829998776316643, "outcome": "passed"}}, {"nodeid": "tests/test_validator.py::test_validate_project_empty_input", "lineno": 230, "outcome": "passed", "keywords": ["test_validate_project_empty_input", "test_validator.py", "tests", "ai_powered_chatbot", ""], "setup": {"duration": 0.0001857000170275569, "outcome": "passed"}, "call": {"duration": 0.00019779999274760485, "outcome": "passed"}, "teardown": {"duration": 0.00017439998919144273, "outcome": "passed"}}, {"nodeid": "tests/test_validator.py::test_validate_project_counts_correctly", "lineno": 239, "outcome": "passed", "keywords": ["test_validate_project_counts_correctly", "test_validator.py", "tests", "ai_powered_chatbot", ""], "setup": {"duration": 0.00024580000899732113, "outcome": "passed"}, "call": {"duration": 0.002875200007110834, "outcome": "passed"}, "teardown": {"duration": 0.0002329999697394669, "outcome": "passed"}}, {"nodeid": "tests/test_validator.py::test_validator_checks_classes", "lineno": 254, "outcome": "passed", "keywords": ["test_validator_checks_classes", "test_validator.py", "tests", "ai_powered_chatbot", ""], "setup": {"duration": 0.0002104000304825604, "outcome": "passed"}, "call": {"duration": 0.00029939995147287846, "outcome": "passed"}, "teardown": {"duration": 0.00021359999664127827, "outcome": "passed"}}, {"nodeid": "tests/test_validator.py::test_validator_checks_methods", "lineno": 278, "outcome": "passed", "keywords": ["test_validator_checks_methods", "test_validator.py", "tests", "ai_powered_chatbot", ""], "setup": {"duration": 0.00019109999993816018, "outcome": "passed"}, "call": {"duration": 0.0002758000046014786, "outcome": "passed"}, "teardown": {"duration": 0.0001925000105984509, "outcome": "passed"}}, {"nodeid": "tests/test_validator.py::test_validator_multiline_docstring_format", "lineno": 310, "outcome": "passed", "keywords": ["test_validator_multiline_docstring_format", "test_validator.py", "tests", "ai_powered_chatbot", ""], "setup": {"duration": 0.0001849000109359622, "outcome": "passed"}, "call": {"duration": 0.00028199999360367656, "outcome": "passed"}, "teardown": {"duration": 0.0001857000170275569, "outcome": "passed"}}, {"nodeid": "tests/test_validator.py::test_validator_blank_line_after_summary", "lineno": 333, "outcome": "passed", "keywords": ["test_validator_blank_line_after_summary", "test_validator.py", "tests", "ai_powered_chatbot", ""], "setup": {"duration": 0.00017120002303272486, "outcome": "passed"}, "call": {"duration": 0.000242499983869493, "outcome": "passed"}, "teardown": {"duration": 0.00017409998690709472, "outcome": "passed"}}, {"nodeid": "tests/test_validator.py::test_validate_examples_directory", "lineno": 356, "outcome": "passed", "keywords": ["test_validate_examples_directory", "test_validator.py", "tests", "ai_powered_chatbot", ""], "setup": {"duration": 0.00016900000628083944, "outcome": "passed"}, "call": {"duration": 0.002281000022776425, "outcome": "passed", "stdout": "\nValidation Summary:\n  Total Items: 6\n  Compliant Items: 6\n  Compliance: 100.0%\n  Violations: 0\n"}, "teardown": {"duration": 0.000278300023637712, "outcome": "passed"}}, {"nodeid": "tests/test_validator.py::test_validator_line_numbers", "lineno": 378, "outcome": "passed", "keywords": ["test_validator_line_numbers", "test_validator.py", "tests", "ai_powered_chatbot", ""], "setup": {"duration": 0.00020480004604905844, "outcome": "passed"}, "call": {"duration": 0.0022794000105932355, "outcome": "passed"}, "teardown": {"duration": 0.00021129997912794352, "outcome": "passed"}}, {"nodeid": "tests/test_validator.py::test_validator_file_paths", "lineno": 389, "outcome": "passed", "keywords": ["test_validator_file_paths", "test_validator.py", "tests", "ai_powered_chatbot", ""], "setup": {"duration": 0.00043209997238591313, "outcome": "passed"}, "call": {"duration": 0.003251300018746406, "outcome": "passed"}, "teardown": {"duration": 0.00038349995156750083, "outcome": "passed"}}, {"nodeid": "tests/test_validator.py::test_pep257_validator_class_attributes", "lineno": 401, "outcome": "passed", "keywords": ["test_pep257_validator_class_attributes", "test_validator.py", "tests", "ai_powered_chatbot", ""], "setup": {"duration": 0.00035309995291754603, "outcome": "passed"}, "call": {"duration": 0.00036230002297088504, "outcome": "passed"}, "teardown": {"duration": 0.00019350001821294427, "outcome": "passed"}}]}